[ 2025-06-19 20:16:51,159 ] 20 root - INFO - Enter the try block
[ 2025-06-21 09:29:28,979 ] 16 root - INFO - Initiate Data Ingestion
[ 2025-06-21 09:36:04,533 ] 16 root - INFO - Initiate Data Ingestion
[ 2025-06-21 09:41:14,556 ] 16 root - INFO - Initiate Data Ingestion
[ 2025-06-21 09:43:43,981 ] 16 root - INFO - Initiate Data Ingestion
[ 2025-06-21 09:43:45,377 ] 73 root - INFO - Performed train test split on the dataframe
[ 2025-06-21 09:43:45,377 ] 75 root - INFO - Exited split_data_as_train_test method of Data_Ingestion class
[ 2025-06-21 09:43:45,377 ] 83 root - INFO - Exporting train and test file path.
[ 2025-06-21 09:43:45,434 ] 92 root - INFO - Exported train and test file path.
[ 2025-06-22 11:25:46,943 ] 18 root - INFO - Initiate Data Ingestion
[ 2025-06-22 11:25:48,265 ] 73 root - INFO - Performed train test split on the dataframe
[ 2025-06-22 11:25:48,265 ] 75 root - INFO - Exited split_data_as_train_test method of Data_Ingestion class
[ 2025-06-22 11:25:48,266 ] 83 root - INFO - Exporting train and test file path.
[ 2025-06-22 11:25:48,327 ] 92 root - INFO - Exported train and test file path.
[ 2025-06-22 11:25:48,327 ] 20 root - INFO - Data Ingestion is completed
[ 2025-06-22 11:25:48,337 ] 24 root - INFO - Initiate Data Validation
[ 2025-06-22 11:26:03,183 ] 18 root - INFO - Initiate Data Ingestion
[ 2025-06-22 11:26:04,416 ] 73 root - INFO - Performed train test split on the dataframe
[ 2025-06-22 11:26:04,416 ] 75 root - INFO - Exited split_data_as_train_test method of Data_Ingestion class
[ 2025-06-22 11:26:04,416 ] 83 root - INFO - Exporting train and test file path.
[ 2025-06-22 11:26:04,473 ] 92 root - INFO - Exported train and test file path.
[ 2025-06-22 11:26:04,474 ] 20 root - INFO - Data Ingestion is completed
[ 2025-06-22 11:26:04,479 ] 24 root - INFO - Initiate Data Validation
[ 2025-06-22 11:32:13,982 ] 16 root - INFO - Initiate Data Ingestion
[ 2025-06-22 11:32:15,435 ] 73 root - INFO - Performed train test split on the dataframe
[ 2025-06-22 11:32:15,436 ] 75 root - INFO - Exited split_data_as_train_test method of Data_Ingestion class
[ 2025-06-22 11:32:15,436 ] 83 root - INFO - Exporting train and test file path.
[ 2025-06-22 11:32:15,492 ] 92 root - INFO - Exported train and test file path.
[ 2025-06-22 11:32:15,493 ] 18 root - INFO - Data Ingestion is completed
[ 2025-06-22 11:32:15,499 ] 24 root - INFO - Initiate Data Validation
[ 2025-06-22 11:32:15,514 ] 36 root - INFO - Required number of columns:2
[ 2025-06-22 11:32:15,515 ] 37 root - INFO - Data frame has columns:Index(['having_IP_Address', 'URL_Length', 'Shortining_Service',
       'having_At_Symbol', 'double_slash_redirecting', 'Prefix_Suffix',
       'having_Sub_Domain', 'SSLfinal_State', 'Domain_registeration_length',
       'Favicon', 'port', 'HTTPS_token', 'Request_URL', 'URL_of_Anchor',
       'Links_in_tags', 'SFH', 'Submitting_to_email', 'Abnormal_URL',
       'Redirect', 'on_mouseover', 'RightClick', 'popUpWidnow', 'Iframe',
       'age_of_domain', 'DNSRecord', 'web_traffic', 'Page_Rank',
       'Google_Index', 'Links_pointing_to_page', 'Statistical_report',
       'Result'],
      dtype='object')
[ 2025-06-22 11:32:15,515 ] 36 root - INFO - Required number of columns:2
[ 2025-06-22 11:32:15,515 ] 37 root - INFO - Data frame has columns:Index(['having_IP_Address', 'URL_Length', 'Shortining_Service',
       'having_At_Symbol', 'double_slash_redirecting', 'Prefix_Suffix',
       'having_Sub_Domain', 'SSLfinal_State', 'Domain_registeration_length',
       'Favicon', 'port', 'HTTPS_token', 'Request_URL', 'URL_of_Anchor',
       'Links_in_tags', 'SFH', 'Submitting_to_email', 'Abnormal_URL',
       'Redirect', 'on_mouseover', 'RightClick', 'popUpWidnow', 'Iframe',
       'age_of_domain', 'DNSRecord', 'web_traffic', 'Page_Rank',
       'Google_Index', 'Links_pointing_to_page', 'Statistical_report',
       'Result'],
      dtype='object')
[ 2025-06-22 11:32:15,679 ] 26 root - INFO - Data Validation is completed
[ 2025-06-22 11:36:55,544 ] 16 root - INFO - Initiate Data Ingestion
[ 2025-06-22 11:36:57,006 ] 73 root - INFO - Performed train test split on the dataframe
[ 2025-06-22 11:36:57,006 ] 75 root - INFO - Exited split_data_as_train_test method of Data_Ingestion class
[ 2025-06-22 11:36:57,006 ] 83 root - INFO - Exporting train and test file path.
[ 2025-06-22 11:36:57,062 ] 92 root - INFO - Exported train and test file path.
[ 2025-06-22 11:36:57,062 ] 18 root - INFO - Data Ingestion is completed
[ 2025-06-22 11:36:57,068 ] 24 root - INFO - Initiate Data Validation
[ 2025-06-22 11:36:57,083 ] 36 root - INFO - Required number of columns:2
[ 2025-06-22 11:36:57,083 ] 37 root - INFO - Data frame has columns:Index(['having_IP_Address', 'URL_Length', 'Shortining_Service',
       'having_At_Symbol', 'double_slash_redirecting', 'Prefix_Suffix',
       'having_Sub_Domain', 'SSLfinal_State', 'Domain_registeration_length',
       'Favicon', 'port', 'HTTPS_token', 'Request_URL', 'URL_of_Anchor',
       'Links_in_tags', 'SFH', 'Submitting_to_email', 'Abnormal_URL',
       'Redirect', 'on_mouseover', 'RightClick', 'popUpWidnow', 'Iframe',
       'age_of_domain', 'DNSRecord', 'web_traffic', 'Page_Rank',
       'Google_Index', 'Links_pointing_to_page', 'Statistical_report',
       'Result'],
      dtype='object')
[ 2025-06-22 11:36:57,083 ] 36 root - INFO - Required number of columns:2
[ 2025-06-22 11:36:57,084 ] 37 root - INFO - Data frame has columns:Index(['having_IP_Address', 'URL_Length', 'Shortining_Service',
       'having_At_Symbol', 'double_slash_redirecting', 'Prefix_Suffix',
       'having_Sub_Domain', 'SSLfinal_State', 'Domain_registeration_length',
       'Favicon', 'port', 'HTTPS_token', 'Request_URL', 'URL_of_Anchor',
       'Links_in_tags', 'SFH', 'Submitting_to_email', 'Abnormal_URL',
       'Redirect', 'on_mouseover', 'RightClick', 'popUpWidnow', 'Iframe',
       'age_of_domain', 'DNSRecord', 'web_traffic', 'Page_Rank',
       'Google_Index', 'Links_pointing_to_page', 'Statistical_report',
       'Result'],
      dtype='object')
[ 2025-06-22 11:36:57,228 ] 26 root - INFO - Data Validation is completed
[ 2025-06-24 01:04:12,522 ] 17 root - INFO - Initiate Data Ingestion
[ 2025-06-24 01:04:13,809 ] 73 root - INFO - Performed train test split on the dataframe
[ 2025-06-24 01:04:13,809 ] 75 root - INFO - Exited split_data_as_train_test method of Data_Ingestion class
[ 2025-06-24 01:04:13,809 ] 83 root - INFO - Exporting train and test file path.
[ 2025-06-24 01:04:13,867 ] 92 root - INFO - Exported train and test file path.
[ 2025-06-24 01:04:13,867 ] 19 root - INFO - Data Ingestion is completed
[ 2025-06-24 01:04:13,874 ] 25 root - INFO - Initiate Data Validation
[ 2025-06-24 01:04:13,891 ] 36 root - INFO - Required number of columns:2
[ 2025-06-24 01:04:13,891 ] 37 root - INFO - Data frame has columns:Index(['having_IP_Address', 'URL_Length', 'Shortining_Service',
       'having_At_Symbol', 'double_slash_redirecting', 'Prefix_Suffix',
       'having_Sub_Domain', 'SSLfinal_State', 'Domain_registeration_length',
       'Favicon', 'port', 'HTTPS_token', 'Request_URL', 'URL_of_Anchor',
       'Links_in_tags', 'SFH', 'Submitting_to_email', 'Abnormal_URL',
       'Redirect', 'on_mouseover', 'RightClick', 'popUpWidnow', 'Iframe',
       'age_of_domain', 'DNSRecord', 'web_traffic', 'Page_Rank',
       'Google_Index', 'Links_pointing_to_page', 'Statistical_report',
       'Result'],
      dtype='object')
[ 2025-06-24 01:04:13,892 ] 36 root - INFO - Required number of columns:2
[ 2025-06-24 01:04:13,892 ] 37 root - INFO - Data frame has columns:Index(['having_IP_Address', 'URL_Length', 'Shortining_Service',
       'having_At_Symbol', 'double_slash_redirecting', 'Prefix_Suffix',
       'having_Sub_Domain', 'SSLfinal_State', 'Domain_registeration_length',
       'Favicon', 'port', 'HTTPS_token', 'Request_URL', 'URL_of_Anchor',
       'Links_in_tags', 'SFH', 'Submitting_to_email', 'Abnormal_URL',
       'Redirect', 'on_mouseover', 'RightClick', 'popUpWidnow', 'Iframe',
       'age_of_domain', 'DNSRecord', 'web_traffic', 'Page_Rank',
       'Google_Index', 'Links_pointing_to_page', 'Statistical_report',
       'Result'],
      dtype='object')
[ 2025-06-24 01:04:14,050 ] 27 root - INFO - Data Validation is completed
[ 2025-06-24 01:10:16,031 ] 17 root - INFO - Initiate Data Ingestion
[ 2025-06-24 01:10:17,382 ] 73 root - INFO - Performed train test split on the dataframe
[ 2025-06-24 01:10:17,382 ] 75 root - INFO - Exited split_data_as_train_test method of Data_Ingestion class
[ 2025-06-24 01:10:17,382 ] 83 root - INFO - Exporting train and test file path.
[ 2025-06-24 01:10:17,440 ] 92 root - INFO - Exported train and test file path.
[ 2025-06-24 01:10:17,440 ] 19 root - INFO - Data Ingestion is completed
[ 2025-06-24 01:10:17,446 ] 25 root - INFO - Initiate Data Validation
[ 2025-06-24 01:10:17,461 ] 36 root - INFO - Required number of columns:2
[ 2025-06-24 01:10:17,461 ] 37 root - INFO - Data frame has columns:Index(['having_IP_Address', 'URL_Length', 'Shortining_Service',
       'having_At_Symbol', 'double_slash_redirecting', 'Prefix_Suffix',
       'having_Sub_Domain', 'SSLfinal_State', 'Domain_registeration_length',
       'Favicon', 'port', 'HTTPS_token', 'Request_URL', 'URL_of_Anchor',
       'Links_in_tags', 'SFH', 'Submitting_to_email', 'Abnormal_URL',
       'Redirect', 'on_mouseover', 'RightClick', 'popUpWidnow', 'Iframe',
       'age_of_domain', 'DNSRecord', 'web_traffic', 'Page_Rank',
       'Google_Index', 'Links_pointing_to_page', 'Statistical_report',
       'Result'],
      dtype='object')
[ 2025-06-24 01:10:17,461 ] 36 root - INFO - Required number of columns:2
[ 2025-06-24 01:10:17,461 ] 37 root - INFO - Data frame has columns:Index(['having_IP_Address', 'URL_Length', 'Shortining_Service',
       'having_At_Symbol', 'double_slash_redirecting', 'Prefix_Suffix',
       'having_Sub_Domain', 'SSLfinal_State', 'Domain_registeration_length',
       'Favicon', 'port', 'HTTPS_token', 'Request_URL', 'URL_of_Anchor',
       'Links_in_tags', 'SFH', 'Submitting_to_email', 'Abnormal_URL',
       'Redirect', 'on_mouseover', 'RightClick', 'popUpWidnow', 'Iframe',
       'age_of_domain', 'DNSRecord', 'web_traffic', 'Page_Rank',
       'Google_Index', 'Links_pointing_to_page', 'Statistical_report',
       'Result'],
      dtype='object')
[ 2025-06-24 01:10:17,609 ] 27 root - INFO - Data Validation is completed
[ 2025-06-24 01:10:17,609 ] 30 root - INFO - data Transformation started
[ 2025-06-24 01:10:17,609 ] 68 root - INFO - Entered initiate_data_transformation method of DataTransformation class
[ 2025-06-24 01:10:17,609 ] 70 root - INFO - Starting data transformation
[ 2025-06-24 01:10:17,626 ] 45 root - INFO - Entered get_data_trnasformer_object method of Trnasformation class
[ 2025-06-24 01:10:17,628 ] 49 root - INFO - Initialise KNNImputer with {'missing_values': nan, 'n_neighbors': 3, 'weights': 'uniform'}
[ 2025-06-24 01:10:17,636 ] 47 root - INFO - Entered the save_object method of MainUtils class
[ 2025-06-24 01:10:17,643 ] 51 root - INFO - Exited the save_object method of MainUtils class
[ 2025-06-24 01:10:17,644 ] 34 root - INFO - data Transformation completed
[ 2025-06-24 23:03:52,858 ] 17 root - INFO - Initiate Data Ingestion
[ 2025-06-24 23:03:54,437 ] 73 root - INFO - Performed train test split on the dataframe
[ 2025-06-24 23:03:54,437 ] 75 root - INFO - Exited split_data_as_train_test method of Data_Ingestion class
[ 2025-06-24 23:03:54,437 ] 83 root - INFO - Exporting train and test file path.
[ 2025-06-24 23:03:54,495 ] 92 root - INFO - Exported train and test file path.
[ 2025-06-24 23:03:54,495 ] 19 root - INFO - Data Ingestion is completed
[ 2025-06-24 23:03:54,501 ] 25 root - INFO - Initiate Data Validation
[ 2025-06-24 23:03:54,518 ] 36 root - INFO - Required number of columns:2
[ 2025-06-24 23:03:54,518 ] 37 root - INFO - Data frame has columns:Index(['having_IP_Address', 'URL_Length', 'Shortining_Service',
       'having_At_Symbol', 'double_slash_redirecting', 'Prefix_Suffix',
       'having_Sub_Domain', 'SSLfinal_State', 'Domain_registeration_length',
       'Favicon', 'port', 'HTTPS_token', 'Request_URL', 'URL_of_Anchor',
       'Links_in_tags', 'SFH', 'Submitting_to_email', 'Abnormal_URL',
       'Redirect', 'on_mouseover', 'RightClick', 'popUpWidnow', 'Iframe',
       'age_of_domain', 'DNSRecord', 'web_traffic', 'Page_Rank',
       'Google_Index', 'Links_pointing_to_page', 'Statistical_report',
       'Result'],
      dtype='object')
[ 2025-06-24 23:03:54,518 ] 36 root - INFO - Required number of columns:2
[ 2025-06-24 23:03:54,518 ] 37 root - INFO - Data frame has columns:Index(['having_IP_Address', 'URL_Length', 'Shortining_Service',
       'having_At_Symbol', 'double_slash_redirecting', 'Prefix_Suffix',
       'having_Sub_Domain', 'SSLfinal_State', 'Domain_registeration_length',
       'Favicon', 'port', 'HTTPS_token', 'Request_URL', 'URL_of_Anchor',
       'Links_in_tags', 'SFH', 'Submitting_to_email', 'Abnormal_URL',
       'Redirect', 'on_mouseover', 'RightClick', 'popUpWidnow', 'Iframe',
       'age_of_domain', 'DNSRecord', 'web_traffic', 'Page_Rank',
       'Google_Index', 'Links_pointing_to_page', 'Statistical_report',
       'Result'],
      dtype='object')
[ 2025-06-24 23:03:54,674 ] 27 root - INFO - Data Validation is completed
[ 2025-06-24 23:03:54,674 ] 30 root - INFO - data Transformation started
[ 2025-06-24 23:03:54,675 ] 68 root - INFO - Entered initiate_data_transformation method of DataTransformation class
[ 2025-06-24 23:03:54,675 ] 70 root - INFO - Starting data transformation
[ 2025-06-24 23:03:54,691 ] 45 root - INFO - Entered get_data_trnasformer_object method of Trnasformation class
[ 2025-06-24 23:03:54,691 ] 49 root - INFO - Initialise KNNImputer with {'missing_values': nan, 'n_neighbors': 3, 'weights': 'uniform'}
[ 2025-06-24 23:03:54,699 ] 47 root - INFO - Entered the save_object method of MainUtils class
[ 2025-06-24 23:03:54,704 ] 51 root - INFO - Exited the save_object method of MainUtils class
[ 2025-06-24 23:03:54,705 ] 34 root - INFO - data Transformation completed
[ 2025-06-25 10:09:56,966 ] 23 root - INFO - Initiate Data Ingestion
[ 2025-06-25 10:09:58,366 ] 73 root - INFO - Performed train test split on the dataframe
[ 2025-06-25 10:09:58,366 ] 75 root - INFO - Exited split_data_as_train_test method of Data_Ingestion class
[ 2025-06-25 10:09:58,367 ] 83 root - INFO - Exporting train and test file path.
[ 2025-06-25 10:09:58,429 ] 92 root - INFO - Exported train and test file path.
[ 2025-06-25 10:09:58,429 ] 25 root - INFO - Data Ingestion is completed
[ 2025-06-25 10:09:58,435 ] 31 root - INFO - Initiate Data Validation
[ 2025-06-25 10:09:58,452 ] 36 root - INFO - Required number of columns:2
[ 2025-06-25 10:09:58,452 ] 37 root - INFO - Data frame has columns:Index(['having_IP_Address', 'URL_Length', 'Shortining_Service',
       'having_At_Symbol', 'double_slash_redirecting', 'Prefix_Suffix',
       'having_Sub_Domain', 'SSLfinal_State', 'Domain_registeration_length',
       'Favicon', 'port', 'HTTPS_token', 'Request_URL', 'URL_of_Anchor',
       'Links_in_tags', 'SFH', 'Submitting_to_email', 'Abnormal_URL',
       'Redirect', 'on_mouseover', 'RightClick', 'popUpWidnow', 'Iframe',
       'age_of_domain', 'DNSRecord', 'web_traffic', 'Page_Rank',
       'Google_Index', 'Links_pointing_to_page', 'Statistical_report',
       'Result'],
      dtype='object')
[ 2025-06-25 10:09:58,452 ] 36 root - INFO - Required number of columns:2
[ 2025-06-25 10:09:58,453 ] 37 root - INFO - Data frame has columns:Index(['having_IP_Address', 'URL_Length', 'Shortining_Service',
       'having_At_Symbol', 'double_slash_redirecting', 'Prefix_Suffix',
       'having_Sub_Domain', 'SSLfinal_State', 'Domain_registeration_length',
       'Favicon', 'port', 'HTTPS_token', 'Request_URL', 'URL_of_Anchor',
       'Links_in_tags', 'SFH', 'Submitting_to_email', 'Abnormal_URL',
       'Redirect', 'on_mouseover', 'RightClick', 'popUpWidnow', 'Iframe',
       'age_of_domain', 'DNSRecord', 'web_traffic', 'Page_Rank',
       'Google_Index', 'Links_pointing_to_page', 'Statistical_report',
       'Result'],
      dtype='object')
[ 2025-06-25 10:09:58,590 ] 33 root - INFO - Data Validation is completed
[ 2025-06-25 10:09:58,590 ] 36 root - INFO - data Transformation started
[ 2025-06-25 10:09:58,590 ] 68 root - INFO - Entered initiate_data_transformation method of DataTransformation class
[ 2025-06-25 10:09:58,590 ] 70 root - INFO - Starting data transformation
[ 2025-06-25 10:09:58,606 ] 45 root - INFO - Entered get_data_trnasformer_object method of Trnasformation class
[ 2025-06-25 10:09:58,606 ] 49 root - INFO - Initialise KNNImputer with {'missing_values': nan, 'n_neighbors': 3, 'weights': 'uniform'}
[ 2025-06-25 10:09:58,615 ] 50 root - INFO - Entered the save_object method of MainUtils class
[ 2025-06-25 10:09:58,619 ] 54 root - INFO - Exited the save_object method of MainUtils class
[ 2025-06-25 10:09:58,619 ] 40 root - INFO - data Transformation completed
[ 2025-06-25 10:09:58,619 ] 42 root - INFO - Model Training sstared
[ 2025-06-25 10:11:51,380 ] 23 root - INFO - Initiate Data Ingestion
[ 2025-06-25 10:11:53,345 ] 73 root - INFO - Performed train test split on the dataframe
[ 2025-06-25 10:11:53,345 ] 75 root - INFO - Exited split_data_as_train_test method of Data_Ingestion class
[ 2025-06-25 10:11:53,345 ] 83 root - INFO - Exporting train and test file path.
[ 2025-06-25 10:11:53,402 ] 92 root - INFO - Exported train and test file path.
[ 2025-06-25 10:11:53,403 ] 25 root - INFO - Data Ingestion is completed
[ 2025-06-25 10:11:53,408 ] 31 root - INFO - Initiate Data Validation
[ 2025-06-25 10:11:53,423 ] 36 root - INFO - Required number of columns:2
[ 2025-06-25 10:11:53,424 ] 37 root - INFO - Data frame has columns:Index(['having_IP_Address', 'URL_Length', 'Shortining_Service',
       'having_At_Symbol', 'double_slash_redirecting', 'Prefix_Suffix',
       'having_Sub_Domain', 'SSLfinal_State', 'Domain_registeration_length',
       'Favicon', 'port', 'HTTPS_token', 'Request_URL', 'URL_of_Anchor',
       'Links_in_tags', 'SFH', 'Submitting_to_email', 'Abnormal_URL',
       'Redirect', 'on_mouseover', 'RightClick', 'popUpWidnow', 'Iframe',
       'age_of_domain', 'DNSRecord', 'web_traffic', 'Page_Rank',
       'Google_Index', 'Links_pointing_to_page', 'Statistical_report',
       'Result'],
      dtype='object')
[ 2025-06-25 10:11:53,424 ] 36 root - INFO - Required number of columns:2
[ 2025-06-25 10:11:53,424 ] 37 root - INFO - Data frame has columns:Index(['having_IP_Address', 'URL_Length', 'Shortining_Service',
       'having_At_Symbol', 'double_slash_redirecting', 'Prefix_Suffix',
       'having_Sub_Domain', 'SSLfinal_State', 'Domain_registeration_length',
       'Favicon', 'port', 'HTTPS_token', 'Request_URL', 'URL_of_Anchor',
       'Links_in_tags', 'SFH', 'Submitting_to_email', 'Abnormal_URL',
       'Redirect', 'on_mouseover', 'RightClick', 'popUpWidnow', 'Iframe',
       'age_of_domain', 'DNSRecord', 'web_traffic', 'Page_Rank',
       'Google_Index', 'Links_pointing_to_page', 'Statistical_report',
       'Result'],
      dtype='object')
[ 2025-06-25 10:11:53,611 ] 33 root - INFO - Data Validation is completed
[ 2025-06-25 10:11:53,611 ] 36 root - INFO - data Transformation started
[ 2025-06-25 10:11:53,611 ] 68 root - INFO - Entered initiate_data_transformation method of DataTransformation class
[ 2025-06-25 10:11:53,611 ] 70 root - INFO - Starting data transformation
[ 2025-06-25 10:11:53,627 ] 45 root - INFO - Entered get_data_trnasformer_object method of Trnasformation class
[ 2025-06-25 10:11:53,627 ] 49 root - INFO - Initialise KNNImputer with {'missing_values': nan, 'n_neighbors': 3, 'weights': 'uniform'}
[ 2025-06-25 10:11:53,634 ] 50 root - INFO - Entered the save_object method of MainUtils class
[ 2025-06-25 10:11:53,636 ] 54 root - INFO - Exited the save_object method of MainUtils class
[ 2025-06-25 10:11:53,636 ] 40 root - INFO - data Transformation completed
[ 2025-06-25 10:11:53,636 ] 42 root - INFO - Model Training sstared
[ 2025-06-25 10:26:52,707 ] 23 root - INFO - Initiate Data Ingestion
[ 2025-06-25 10:26:54,017 ] 73 root - INFO - Performed train test split on the dataframe
[ 2025-06-25 10:26:54,017 ] 75 root - INFO - Exited split_data_as_train_test method of Data_Ingestion class
[ 2025-06-25 10:26:54,018 ] 83 root - INFO - Exporting train and test file path.
[ 2025-06-25 10:26:54,080 ] 92 root - INFO - Exported train and test file path.
[ 2025-06-25 10:26:54,080 ] 25 root - INFO - Data Ingestion is completed
[ 2025-06-25 10:26:54,086 ] 31 root - INFO - Initiate Data Validation
[ 2025-06-25 10:26:54,102 ] 36 root - INFO - Required number of columns:2
[ 2025-06-25 10:26:54,102 ] 37 root - INFO - Data frame has columns:Index(['having_IP_Address', 'URL_Length', 'Shortining_Service',
       'having_At_Symbol', 'double_slash_redirecting', 'Prefix_Suffix',
       'having_Sub_Domain', 'SSLfinal_State', 'Domain_registeration_length',
       'Favicon', 'port', 'HTTPS_token', 'Request_URL', 'URL_of_Anchor',
       'Links_in_tags', 'SFH', 'Submitting_to_email', 'Abnormal_URL',
       'Redirect', 'on_mouseover', 'RightClick', 'popUpWidnow', 'Iframe',
       'age_of_domain', 'DNSRecord', 'web_traffic', 'Page_Rank',
       'Google_Index', 'Links_pointing_to_page', 'Statistical_report',
       'Result'],
      dtype='object')
[ 2025-06-25 10:26:54,102 ] 36 root - INFO - Required number of columns:2
[ 2025-06-25 10:26:54,102 ] 37 root - INFO - Data frame has columns:Index(['having_IP_Address', 'URL_Length', 'Shortining_Service',
       'having_At_Symbol', 'double_slash_redirecting', 'Prefix_Suffix',
       'having_Sub_Domain', 'SSLfinal_State', 'Domain_registeration_length',
       'Favicon', 'port', 'HTTPS_token', 'Request_URL', 'URL_of_Anchor',
       'Links_in_tags', 'SFH', 'Submitting_to_email', 'Abnormal_URL',
       'Redirect', 'on_mouseover', 'RightClick', 'popUpWidnow', 'Iframe',
       'age_of_domain', 'DNSRecord', 'web_traffic', 'Page_Rank',
       'Google_Index', 'Links_pointing_to_page', 'Statistical_report',
       'Result'],
      dtype='object')
[ 2025-06-25 10:26:54,241 ] 33 root - INFO - Data Validation is completed
[ 2025-06-25 10:26:54,241 ] 36 root - INFO - data Transformation started
[ 2025-06-25 10:26:54,241 ] 68 root - INFO - Entered initiate_data_transformation method of DataTransformation class
[ 2025-06-25 10:26:54,241 ] 70 root - INFO - Starting data transformation
[ 2025-06-25 10:26:54,256 ] 45 root - INFO - Entered get_data_trnasformer_object method of Trnasformation class
[ 2025-06-25 10:26:54,256 ] 49 root - INFO - Initialise KNNImputer with {'missing_values': nan, 'n_neighbors': 3, 'weights': 'uniform'}
[ 2025-06-25 10:26:54,261 ] 50 root - INFO - Entered the save_object method of MainUtils class
[ 2025-06-25 10:26:54,264 ] 54 root - INFO - Exited the save_object method of MainUtils class
[ 2025-06-25 10:26:54,265 ] 40 root - INFO - data Transformation completed
[ 2025-06-25 10:26:54,265 ] 42 root - INFO - Model Training sstared
[ 2025-06-25 10:29:58,382 ] 50 root - INFO - Entered the save_object method of MainUtils class
[ 2025-06-25 10:29:58,399 ] 54 root - INFO - Exited the save_object method of MainUtils class
[ 2025-06-25 10:29:58,399 ] 113 root - INFO - Model trainer artifact: ModelTrainerArtifact(trained_model_file_path='Artifacts/06_25_2025_10_26_51/model_trainer/trained_model/model.pkl', train_metric_artifact=ClassificationMetricArtifact(f1_score=0.9908869987849331, precision_score=0.9880856219709209, recall_score=0.9937043054427295), test_metric_artifact=ClassificationMetricArtifact(f1_score=0.9747697236684021, precision_score=0.9628164556962026, recall_score=0.9870235198702352))
[ 2025-06-25 10:29:58,402 ] 47 root - INFO - Model Training artifact created
[ 2025-06-26 00:31:32,196 ] 23 root - INFO - Initiate Data Ingestion
[ 2025-06-26 00:31:33,563 ] 73 root - INFO - Performed train test split on the dataframe
[ 2025-06-26 00:31:33,563 ] 75 root - INFO - Exited split_data_as_train_test method of Data_Ingestion class
[ 2025-06-26 00:31:33,564 ] 83 root - INFO - Exporting train and test file path.
[ 2025-06-26 00:31:33,663 ] 92 root - INFO - Exported train and test file path.
[ 2025-06-26 00:31:33,664 ] 25 root - INFO - Data Ingestion is completed
[ 2025-06-26 00:31:33,669 ] 31 root - INFO - Initiate Data Validation
[ 2025-06-26 00:31:33,685 ] 36 root - INFO - Required number of columns:2
[ 2025-06-26 00:31:33,685 ] 37 root - INFO - Data frame has columns:Index(['having_IP_Address', 'URL_Length', 'Shortining_Service',
       'having_At_Symbol', 'double_slash_redirecting', 'Prefix_Suffix',
       'having_Sub_Domain', 'SSLfinal_State', 'Domain_registeration_length',
       'Favicon', 'port', 'HTTPS_token', 'Request_URL', 'URL_of_Anchor',
       'Links_in_tags', 'SFH', 'Submitting_to_email', 'Abnormal_URL',
       'Redirect', 'on_mouseover', 'RightClick', 'popUpWidnow', 'Iframe',
       'age_of_domain', 'DNSRecord', 'web_traffic', 'Page_Rank',
       'Google_Index', 'Links_pointing_to_page', 'Statistical_report',
       'Result'],
      dtype='object')
[ 2025-06-26 00:31:33,685 ] 36 root - INFO - Required number of columns:2
[ 2025-06-26 00:31:33,685 ] 37 root - INFO - Data frame has columns:Index(['having_IP_Address', 'URL_Length', 'Shortining_Service',
       'having_At_Symbol', 'double_slash_redirecting', 'Prefix_Suffix',
       'having_Sub_Domain', 'SSLfinal_State', 'Domain_registeration_length',
       'Favicon', 'port', 'HTTPS_token', 'Request_URL', 'URL_of_Anchor',
       'Links_in_tags', 'SFH', 'Submitting_to_email', 'Abnormal_URL',
       'Redirect', 'on_mouseover', 'RightClick', 'popUpWidnow', 'Iframe',
       'age_of_domain', 'DNSRecord', 'web_traffic', 'Page_Rank',
       'Google_Index', 'Links_pointing_to_page', 'Statistical_report',
       'Result'],
      dtype='object')
[ 2025-06-26 00:31:33,859 ] 33 root - INFO - Data Validation is completed
[ 2025-06-26 00:31:33,859 ] 36 root - INFO - data Transformation started
[ 2025-06-26 00:31:33,859 ] 68 root - INFO - Entered initiate_data_transformation method of DataTransformation class
[ 2025-06-26 00:31:33,860 ] 70 root - INFO - Starting data transformation
[ 2025-06-26 00:31:33,875 ] 45 root - INFO - Entered get_data_trnasformer_object method of Trnasformation class
[ 2025-06-26 00:31:33,875 ] 49 root - INFO - Initialise KNNImputer with {'missing_values': nan, 'n_neighbors': 3, 'weights': 'uniform'}
[ 2025-06-26 00:31:33,883 ] 50 root - INFO - Entered the save_object method of MainUtils class
[ 2025-06-26 00:31:33,885 ] 54 root - INFO - Exited the save_object method of MainUtils class
[ 2025-06-26 00:31:33,885 ] 40 root - INFO - data Transformation completed
[ 2025-06-26 00:31:33,885 ] 42 root - INFO - Model Training sstared
[ 2025-06-26 00:34:47,476 ] 50 root - INFO - Entered the save_object method of MainUtils class
[ 2025-06-26 00:34:47,503 ] 54 root - INFO - Exited the save_object method of MainUtils class
[ 2025-06-26 00:34:47,504 ] 136 root - INFO - Model trainer artifact: ModelTrainerArtifact(trained_model_file_path='Artifacts/06_26_2025_00_31_28/model_trainer/trained_model/model.pkl', train_metric_artifact=ClassificationMetricArtifact(f1_score=0.9915778792491121, precision_score=0.9892690828102855, recall_score=0.9938974776240846), test_metric_artifact=ClassificationMetricArtifact(f1_score=0.9762575452716298, precision_score=0.97508038585209, recall_score=0.9774375503626108))
[ 2025-06-26 00:34:47,506 ] 47 root - INFO - Model Training artifact created
[ 2025-06-26 00:40:51,459 ] 23 root - INFO - Initiate Data Ingestion
[ 2025-06-26 00:40:52,792 ] 73 root - INFO - Performed train test split on the dataframe
[ 2025-06-26 00:40:52,792 ] 75 root - INFO - Exited split_data_as_train_test method of Data_Ingestion class
[ 2025-06-26 00:40:52,792 ] 83 root - INFO - Exporting train and test file path.
[ 2025-06-26 00:40:52,850 ] 92 root - INFO - Exported train and test file path.
[ 2025-06-26 00:40:52,850 ] 25 root - INFO - Data Ingestion is completed
[ 2025-06-26 00:40:52,857 ] 31 root - INFO - Initiate Data Validation
[ 2025-06-26 00:40:52,880 ] 36 root - INFO - Required number of columns:2
[ 2025-06-26 00:40:52,880 ] 37 root - INFO - Data frame has columns:Index(['having_IP_Address', 'URL_Length', 'Shortining_Service',
       'having_At_Symbol', 'double_slash_redirecting', 'Prefix_Suffix',
       'having_Sub_Domain', 'SSLfinal_State', 'Domain_registeration_length',
       'Favicon', 'port', 'HTTPS_token', 'Request_URL', 'URL_of_Anchor',
       'Links_in_tags', 'SFH', 'Submitting_to_email', 'Abnormal_URL',
       'Redirect', 'on_mouseover', 'RightClick', 'popUpWidnow', 'Iframe',
       'age_of_domain', 'DNSRecord', 'web_traffic', 'Page_Rank',
       'Google_Index', 'Links_pointing_to_page', 'Statistical_report',
       'Result'],
      dtype='object')
[ 2025-06-26 00:40:52,880 ] 36 root - INFO - Required number of columns:2
[ 2025-06-26 00:40:52,881 ] 37 root - INFO - Data frame has columns:Index(['having_IP_Address', 'URL_Length', 'Shortining_Service',
       'having_At_Symbol', 'double_slash_redirecting', 'Prefix_Suffix',
       'having_Sub_Domain', 'SSLfinal_State', 'Domain_registeration_length',
       'Favicon', 'port', 'HTTPS_token', 'Request_URL', 'URL_of_Anchor',
       'Links_in_tags', 'SFH', 'Submitting_to_email', 'Abnormal_URL',
       'Redirect', 'on_mouseover', 'RightClick', 'popUpWidnow', 'Iframe',
       'age_of_domain', 'DNSRecord', 'web_traffic', 'Page_Rank',
       'Google_Index', 'Links_pointing_to_page', 'Statistical_report',
       'Result'],
      dtype='object')
[ 2025-06-26 00:40:53,055 ] 33 root - INFO - Data Validation is completed
[ 2025-06-26 00:40:53,055 ] 36 root - INFO - data Transformation started
[ 2025-06-26 00:40:53,055 ] 68 root - INFO - Entered initiate_data_transformation method of DataTransformation class
[ 2025-06-26 00:40:53,055 ] 70 root - INFO - Starting data transformation
[ 2025-06-26 00:40:53,075 ] 45 root - INFO - Entered get_data_trnasformer_object method of Trnasformation class
[ 2025-06-26 00:40:53,075 ] 49 root - INFO - Initialise KNNImputer with {'missing_values': nan, 'n_neighbors': 3, 'weights': 'uniform'}
[ 2025-06-26 00:40:53,084 ] 50 root - INFO - Entered the save_object method of MainUtils class
[ 2025-06-26 00:40:53,085 ] 54 root - INFO - Exited the save_object method of MainUtils class
[ 2025-06-26 00:40:53,086 ] 40 root - INFO - data Transformation completed
[ 2025-06-26 00:40:53,086 ] 42 root - INFO - Model Training sstared
[ 2025-06-26 00:44:04,618 ] 50 root - INFO - Entered the save_object method of MainUtils class
[ 2025-06-26 00:44:04,641 ] 54 root - INFO - Exited the save_object method of MainUtils class
[ 2025-06-26 00:44:04,641 ] 136 root - INFO - Model trainer artifact: ModelTrainerArtifact(trained_model_file_path='Artifacts/06_26_2025_00_40_49/model_trainer/trained_model/model.pkl', train_metric_artifact=ClassificationMetricArtifact(f1_score=0.9912254160363086, precision_score=0.9885334942667471, recall_score=0.9939320388349514), test_metric_artifact=ClassificationMetricArtifact(f1_score=0.9794576828266228, precision_score=0.9762489762489762, recall_score=0.9826875515251443))
[ 2025-06-26 00:44:04,645 ] 47 root - INFO - Model Training artifact created
[ 2025-06-26 20:48:42,513 ] 23 root - INFO - Initiate Data Ingestion
[ 2025-06-26 20:48:43,857 ] 73 root - INFO - Performed train test split on the dataframe
[ 2025-06-26 20:48:43,857 ] 75 root - INFO - Exited split_data_as_train_test method of Data_Ingestion class
[ 2025-06-26 20:48:43,857 ] 83 root - INFO - Exporting train and test file path.
[ 2025-06-26 20:48:43,915 ] 92 root - INFO - Exported train and test file path.
[ 2025-06-26 20:48:43,915 ] 25 root - INFO - Data Ingestion is completed
[ 2025-06-26 20:48:43,921 ] 31 root - INFO - Initiate Data Validation
[ 2025-06-26 20:48:43,939 ] 36 root - INFO - Required number of columns:2
[ 2025-06-26 20:48:43,939 ] 37 root - INFO - Data frame has columns:Index(['having_IP_Address', 'URL_Length', 'Shortining_Service',
       'having_At_Symbol', 'double_slash_redirecting', 'Prefix_Suffix',
       'having_Sub_Domain', 'SSLfinal_State', 'Domain_registeration_length',
       'Favicon', 'port', 'HTTPS_token', 'Request_URL', 'URL_of_Anchor',
       'Links_in_tags', 'SFH', 'Submitting_to_email', 'Abnormal_URL',
       'Redirect', 'on_mouseover', 'RightClick', 'popUpWidnow', 'Iframe',
       'age_of_domain', 'DNSRecord', 'web_traffic', 'Page_Rank',
       'Google_Index', 'Links_pointing_to_page', 'Statistical_report',
       'Result'],
      dtype='object')
[ 2025-06-26 20:48:43,940 ] 36 root - INFO - Required number of columns:2
[ 2025-06-26 20:48:43,940 ] 37 root - INFO - Data frame has columns:Index(['having_IP_Address', 'URL_Length', 'Shortining_Service',
       'having_At_Symbol', 'double_slash_redirecting', 'Prefix_Suffix',
       'having_Sub_Domain', 'SSLfinal_State', 'Domain_registeration_length',
       'Favicon', 'port', 'HTTPS_token', 'Request_URL', 'URL_of_Anchor',
       'Links_in_tags', 'SFH', 'Submitting_to_email', 'Abnormal_URL',
       'Redirect', 'on_mouseover', 'RightClick', 'popUpWidnow', 'Iframe',
       'age_of_domain', 'DNSRecord', 'web_traffic', 'Page_Rank',
       'Google_Index', 'Links_pointing_to_page', 'Statistical_report',
       'Result'],
      dtype='object')
[ 2025-06-26 20:48:44,094 ] 33 root - INFO - Data Validation is completed
[ 2025-06-26 20:48:44,094 ] 36 root - INFO - data Transformation started
[ 2025-06-26 20:48:44,094 ] 68 root - INFO - Entered initiate_data_transformation method of DataTransformation class
[ 2025-06-26 20:48:44,094 ] 70 root - INFO - Starting data transformation
[ 2025-06-26 20:48:44,109 ] 45 root - INFO - Entered get_data_trnasformer_object method of Trnasformation class
[ 2025-06-26 20:48:44,110 ] 49 root - INFO - Initialise KNNImputer with {'missing_values': nan, 'n_neighbors': 3, 'weights': 'uniform'}
[ 2025-06-26 20:48:44,116 ] 50 root - INFO - Entered the save_object method of MainUtils class
[ 2025-06-26 20:48:44,119 ] 54 root - INFO - Exited the save_object method of MainUtils class
[ 2025-06-26 20:48:44,119 ] 40 root - INFO - data Transformation completed
[ 2025-06-26 20:48:44,119 ] 42 root - INFO - Model Training sstared
[ 2025-06-26 20:52:00,372 ] 50 root - INFO - Entered the save_object method of MainUtils class
[ 2025-06-26 20:52:00,398 ] 54 root - INFO - Exited the save_object method of MainUtils class
[ 2025-06-26 20:52:00,398 ] 136 root - INFO - Model trainer artifact: ModelTrainerArtifact(trained_model_file_path='Artifacts/06_26_2025_20_48_40/model_trainer/trained_model/model.pkl', train_metric_artifact=ClassificationMetricArtifact(f1_score=0.9917037636584379, precision_score=0.9893015744852645, recall_score=0.9941176470588236), test_metric_artifact=ClassificationMetricArtifact(f1_score=0.9706000805477245, precision_score=0.9593949044585988, recall_score=0.9820700896495518))
[ 2025-06-26 20:52:00,401 ] 47 root - INFO - Model Training artifact created
[ 2025-06-26 20:54:04,120 ] 23 root - INFO - Initiate Data Ingestion
[ 2025-06-26 20:54:05,679 ] 73 root - INFO - Performed train test split on the dataframe
[ 2025-06-26 20:54:05,679 ] 75 root - INFO - Exited split_data_as_train_test method of Data_Ingestion class
[ 2025-06-26 20:54:05,679 ] 83 root - INFO - Exporting train and test file path.
[ 2025-06-26 20:54:05,736 ] 92 root - INFO - Exported train and test file path.
[ 2025-06-26 20:54:05,736 ] 25 root - INFO - Data Ingestion is completed
[ 2025-06-26 20:54:05,743 ] 31 root - INFO - Initiate Data Validation
[ 2025-06-26 20:54:05,758 ] 36 root - INFO - Required number of columns:2
[ 2025-06-26 20:54:05,759 ] 37 root - INFO - Data frame has columns:Index(['having_IP_Address', 'URL_Length', 'Shortining_Service',
       'having_At_Symbol', 'double_slash_redirecting', 'Prefix_Suffix',
       'having_Sub_Domain', 'SSLfinal_State', 'Domain_registeration_length',
       'Favicon', 'port', 'HTTPS_token', 'Request_URL', 'URL_of_Anchor',
       'Links_in_tags', 'SFH', 'Submitting_to_email', 'Abnormal_URL',
       'Redirect', 'on_mouseover', 'RightClick', 'popUpWidnow', 'Iframe',
       'age_of_domain', 'DNSRecord', 'web_traffic', 'Page_Rank',
       'Google_Index', 'Links_pointing_to_page', 'Statistical_report',
       'Result'],
      dtype='object')
[ 2025-06-26 20:54:05,759 ] 36 root - INFO - Required number of columns:2
[ 2025-06-26 20:54:05,759 ] 37 root - INFO - Data frame has columns:Index(['having_IP_Address', 'URL_Length', 'Shortining_Service',
       'having_At_Symbol', 'double_slash_redirecting', 'Prefix_Suffix',
       'having_Sub_Domain', 'SSLfinal_State', 'Domain_registeration_length',
       'Favicon', 'port', 'HTTPS_token', 'Request_URL', 'URL_of_Anchor',
       'Links_in_tags', 'SFH', 'Submitting_to_email', 'Abnormal_URL',
       'Redirect', 'on_mouseover', 'RightClick', 'popUpWidnow', 'Iframe',
       'age_of_domain', 'DNSRecord', 'web_traffic', 'Page_Rank',
       'Google_Index', 'Links_pointing_to_page', 'Statistical_report',
       'Result'],
      dtype='object')
[ 2025-06-26 20:54:05,939 ] 33 root - INFO - Data Validation is completed
[ 2025-06-26 20:54:05,939 ] 36 root - INFO - data Transformation started
[ 2025-06-26 20:54:05,939 ] 68 root - INFO - Entered initiate_data_transformation method of DataTransformation class
[ 2025-06-26 20:54:05,939 ] 70 root - INFO - Starting data transformation
[ 2025-06-26 20:54:05,954 ] 45 root - INFO - Entered get_data_trnasformer_object method of Trnasformation class
[ 2025-06-26 20:54:05,954 ] 49 root - INFO - Initialise KNNImputer with {'missing_values': nan, 'n_neighbors': 3, 'weights': 'uniform'}
[ 2025-06-26 20:54:05,961 ] 50 root - INFO - Entered the save_object method of MainUtils class
[ 2025-06-26 20:54:05,963 ] 54 root - INFO - Exited the save_object method of MainUtils class
[ 2025-06-26 20:54:05,963 ] 40 root - INFO - data Transformation completed
[ 2025-06-26 20:54:05,963 ] 42 root - INFO - Model Training sstared
[ 2025-06-26 20:57:17,703 ] 50 root - INFO - Entered the save_object method of MainUtils class
[ 2025-06-26 20:57:17,714 ] 54 root - INFO - Exited the save_object method of MainUtils class
[ 2025-06-26 20:57:17,715 ] 136 root - INFO - Model trainer artifact: ModelTrainerArtifact(trained_model_file_path='Artifacts/06_26_2025_20_54_02/model_trainer/trained_model/model.pkl', train_metric_artifact=ClassificationMetricArtifact(f1_score=0.9906990699069907, precision_score=0.9876370887337986, recall_score=0.9937800963081862), test_metric_artifact=ClassificationMetricArtifact(f1_score=0.975115984816533, precision_score=0.9649415692821369, recall_score=0.9855072463768116))
[ 2025-06-26 20:57:17,718 ] 47 root - INFO - Model Training artifact created
